
 ==============================
 S N O P T  7.2-5    (May 2007)
 ==============================
 
 SNMEMB EXIT 100 -- finished successfully
 SNMEMB INFO 104 -- memory requirements estimated

 ==============================
 S N O P T  7.2-5    (May 2007)
 ==============================
 
 

 Nonlinear constraints       3     Linear constraints    9006
 Nonlinear variables      2703     Linear variables         0
 Jacobian  variables      2703     Objective variables   2703
 Total constraints        9009     Total variables       2703
 

 
 The user has defined    2700   out of    2700   constraint gradients.
 The user has defined    2703   out of    2703   objective  gradients.
 

        Minor   QPmult   nInf   SumInf   rgNorm    QPobjective
          100  2.6E-03                           4.2815398E-01
          200 -2.2E-03                           2.1020448E-01    83

 Major Minors     Step   nCon Feasible  Optimal  MeritFunction    nS Penalty
     0    216               1 (0.0E+00) 1.1E-03  4.2841782E-01    99           r  T

        Minor   QPmult   nInf   SumInf   rgNorm    QPobjective    nS
          100  1.8E-03                  4.6E-35  1.2340749E-01   117
          200 -1.5E-03                           7.5854939E-02   153

 Major Minors     Step   nCon Feasible  Optimal  MeritFunction    nS Penalty
     1    245  7.9E-08     11 (0.0E+00) 1.1E-03  4.2834824E-01   198         n r  T

        Minor   QPmult   nInf   SumInf   rgNorm    QPobjective    nS
          100 -3.5E-03                  1.8E-20  4.2822931E-01   297
          200 -2.8E-03                  1.3E-18  4.2812490E-01   397

 Major Minors     Step   nCon Feasible  Optimal  MeritFunction    nS Penalty
     2    263  1.1E-07     21 (0.0E+00) 1.1E-03  4.2822069E-01   460         s    T

        Minor   QPmult   nInf   SumInf   rgNorm    QPobjective    nS
          100 -4.7E-04                  4.7E-21  2.0607974E-01   559

 Major Minors     Step   nCon Feasible  Optimal  MeritFunction    nS Penalty
     3    100  1.0E+00     22 (0.0E+00) 3.5E-04  2.0609441E-01   559              T

        Minor   QPmult   nInf   SumInf   rgNorm    QPobjective    nS
          100  3.7E-05                  5.5E-22  1.9341871E-01   658

 Major Minors     Step   nCon Feasible  Optimal  MeritFunction    nS Penalty
     4    100  1.0E+00     23 (0.0E+00) 1.3E-04  1.9342020E-01   658              T

        Minor   QPmult   nInf   SumInf   rgNorm    QPobjective    nS
          100  5.8E-05                  7.5E-37  1.9341829E-01   757

 Major Minors     Step   nCon Feasible  Optimal  MeritFunction    nS Penalty
     4    200              27 (0.0E+00) 1.3E-04  1.9342020E-01   757           r  T

        Minor   QPmult   nInf   SumInf   rgNorm    QPobjective    nS
          100                           4.6E-05  1.9155063E-01   657

 Major Minors     Step   nCon Feasible  Optimal  MeritFunction    nS Penalty
     5    172  1.0E+00     28 (0.0E+00) 1.1E-04  1.9156986E-01   703         s

        Minor   QPmult   nInf   SumInf   rgNorm    QPobjective    nS
          100                           1.2E-04  1.9150603E-01   603
          200 -3.1E-06                  4.2E-22  1.9150589E-01   620
          300  2.1E-06                  2.0E-25  1.9150589E-01   720

 Major Minors     Step   nCon Feasible  Optimal  MeritFunction    nS Penalty
     6    382  9.2E-05     37 (0.0E+00) 1.1E-04  1.9156982E-01   802              T

        Minor   QPmult   nInf   SumInf   rgNorm    QPobjective    nS
          100 -1.8E-06                  2.1E-22  1.9151755E-01   899

 Major Minors     Step   nCon Feasible  Optimal  MeritFunction    nS Penalty
     7    102  8.1E-05     47 (0.0E+00) 1.1E-04  1.9156826E-01   901              T

        Minor   QPmult   nInf   SumInf   rgNorm    QPobjective    nS
          100 -1.6E-06                  2.1E-22  1.9146802E-01   984

 Major Minors     Step   nCon Feasible  Optimal  MeritFunction    nS Penalty
     8    116  1.2E-04     57 (0.0E+00) 1.1E-04  1.9156726E-01  1000              T

        Minor   QPmult   nInf   SumInf   rgNorm    QPobjective    nS
          100 -1.6E-05                  2.1E-18  1.9114157E-01  1079

 Major Minors     Step   nCon Feasible  Optimal  MeritFunction    nS Penalty
     9    127  1.1E-04     67 (0.0E+00) 1.1E-04  1.9156588E-01  1106              T

        Minor   QPmult   nInf   SumInf   rgNorm    QPobjective    nS
          100 -5.2E-06                  5.7E-21  1.9119098E-01  1205

 Major Minors     Step   nCon Feasible  Optimal  MeritFunction    nS Penalty
    10    101  2.4E-05     77 (0.0E+00) 1.1E-04  1.9156336E-01  1206              T

        Minor   QPmult   nInf   SumInf   rgNorm    QPobjective    nS
          100  2.1E-06                  1.1E-21  1.9145717E-01  1305

 Major Minors     Step   nCon Feasible  Optimal  MeritFunction    nS Penalty
    11    100  2.4E-05     87 (0.0E+00) 1.1E-04  1.9156056E-01  1305              T

        Minor   QPmult   nInf   SumInf   rgNorm    QPobjective    nS
          100  1.8E-06                  1.3E-21  1.9145743E-01  1400

 Major Minors     Step   nCon Feasible  Optimal  MeritFunction    nS Penalty
    12    104  6.9E-05     97 (0.0E+00) 1.1E-04  1.9155866E-01  1404              T

        Minor   QPmult   nInf   SumInf   rgNorm    QPobjective    nS
          100  2.4E-06                  3.8E-21  1.9138471E-01  1493

 Major Minors     Step   nCon Feasible  Optimal  MeritFunction    nS Penalty
    13    110  7.1E-05    107 (0.0E+00) 1.1E-04  1.9155695E-01  1503              T

        Minor   QPmult   nInf   SumInf   rgNorm    QPobjective    nS
          100  3.0E-06                  6.8E-21  1.9129979E-01  1594

 Major Minors     Step   nCon Feasible  Optimal  MeritFunction    nS Penalty
    14    108  4.5E-05    117 (0.0E+00) 1.1E-04  1.9155501E-01  1602              T

        Minor   QPmult   nInf   SumInf   rgNorm    QPobjective    nS
          100 -1.8E-03                  2.2E-19  1.9158827E-01  1701

 Major Minors     Step   nCon Feasible  Optimal  MeritFunction    nS Penalty
    15    152  3.1E-05    127 (0.0E+00) 1.1E-04  1.9155287E-01  1753           R  T
    16      7  1.0E+00    128 (0.0E+00) 6.1E-05  1.8826223E-01  1759         s

        Minor   QPmult   nInf   SumInf   rgNorm    QPobjective    nS
          100                           1.1E-03  1.8825954E-01  1659

 Major Minors     Step   nCon Feasible  Optimal  MeritFunction    nS Penalty
    17    116  8.7E-05    138 (0.0E+00) 6.1E-05  1.8826163E-01  1645
    18     13  2.6E-04    148 (0.0E+00) 6.1E-05  1.8825909E-01  1634
    19     10  9.8E-05    158 (0.0E+00) 6.1E-05  1.8825674E-01  1643

 Major Minors     Step   nCon Feasible  Optimal  MeritFunction    nS Penalty
    20      2  2.6E-04    169 (0.0E+00) 6.1E-05  1.8825392E-01  1644          M
    21      1  2.0E-04    180 (0.0E+00) 6.1E-05  1.8825236E-01  1644          M

        Minor   QPmult   nInf   SumInf   rgNorm    QPobjective    nS
          100 -2.0E-04                  1.9E-19  1.8824126E-01  1743

 Major Minors     Step   nCon Feasible  Optimal  MeritFunction    nS Penalty
    22    116  2.2E-04    191 (0.0E+00) 6.1E-05  1.8825045E-01  1759          M   T

        Minor   QPmult   nInf   SumInf   rgNorm    QPobjective    nS
          100                           1.7E-04  1.8551265E-01  1659

 Major Minors     Step   nCon Feasible  Optimal  MeritFunction    nS Penalty
    23    153  1.0E+00    192 (0.0E+00) 8.2E-05  1.8555108E-01  1612

        Minor   QPmult   nInf   SumInf   rgNorm    QPobjective    nS
          100 -2.6E-04                  2.0E-19  1.8553643E-01  1711

 Major Minors     Step   nCon Feasible  Optimal  MeritFunction    nS Penalty
    24    150  5.9E-04    202 (0.0E+00) 8.2E-05  1.8554459E-01  1761              T
    25      2  1.0E+00    203 (0.0E+00) 3.8E-05  1.8430706E-01  1762
    26      2  1.0E+00    204 (0.0E+00) 1.5E-05  1.8331149E-01  1763           R
    27      1  1.8E-04    214 (0.0E+00) 1.5E-05  1.8331139E-01  1763         s
    28      1  1.0E+00    215 (0.0E+00) 1.3E-05  1.8312716E-01  1763
    29      1  1.0E+00    216 (0.0E+00) 1.1E-05  1.8300733E-01  1763

 Major Minors     Step   nCon Feasible  Optimal  MeritFunction    nS Penalty
    30      1  1.0E+00    217 (0.0E+00)(9.5E-06) 1.8293616E-01  1763
 
 SNOPTC EXIT   0 -- finished successfully
 SNOPTC INFO   1 -- optimality conditions satisfied

 Problem name                 Optimiza
 No. of iterations                3174   Objective value      1.8293615895E-01
 No. of major iterations            30   Linear objective     0.0000000000E+00
 Penalty parameter           0.000E+00   Nonlinear objective  1.8293615895E-01
 No. of calls to funobj            218   No. of calls to funcon            218
 No. of superbasics               1763   No. of basic nonlinears             0
 No. of degenerate steps           196   Percentage                       6.18
 Max x                     901 1.0E+01   Max pi                      1 0.0E+00
 Max Primal infeas           0 0.0E+00   Max Dual infeas          1631 2.3E-05
 Nonlinear constraint violn    0.0E+00
 
 

 Solution printed on file  18
 
 Time for MPS input                             0.00 seconds
 Time for solving problem                    5731.75 seconds
 Time for solution output                       0.05 seconds
 Time for constraint functions               5753.78 seconds
 Time for objective function                    0.00 seconds
