
         ==============================
         S N O P T  7.2-5    (May 2007)
         ==============================
      Major feasibility tolerance  1.00000000E-07
      Major optimality tolerance  1.00000000E-07
      Iterations limit       500000000
      Major iterations limit         1000000
      Minor iterations limit          500000
      Derivative level               3
1
 
 SNMEMB EXIT 100 -- finished successfully
 SNMEMB INFO 104 -- memory requirements estimated

         ==============================
         S N O P T  7.2-5    (May 2007)
         ==============================
      Major feasibility tolerance  1.00000000E-07
      Major optimality tolerance  1.00000000E-07
      Iterations limit       500000000
      Major iterations limit         1000000
      Minor iterations limit          500000
      Derivative level               3
1
 
 Parameters
 ==========

 Files
 -----
 Solution file..........         0       Old basis file ........         0       Standard input.........         5
 Insert file............         0       New basis file ........         0       (Printer)..............        18
 Punch file.............         0       Backup basis file......         0       (Specs file)...........         0
 Load file..............         0       Dump file..............         0       Standard output........         6

 Frequencies
 -----------
 Print frequency........       100       Check frequency........        60       Save new basis map.....       100
 Summary frequency......       100       Factorization frequency        50       Expand frequency.......     10000

 QP subproblems
 --------------
 QPsolver Cholesky......
 Scale tolerance........     0.900       Minor feasibility tol..  1.00E-06       Iteration limit........ 500000000
 Scale option...........         0       Minor optimality  tol..  5.00E-08       Minor print level......         1
 Crash tolerance........     0.100       Pivot tolerance........  3.25E-11       Partial price..........         1
 Crash option...........         3       Elastic weight.........  1.00E+04       Prtl price section ( A)      2712
                                         New superbasics........        99       Prtl price section (-I)      9009

 Conjugate-gradient QP solver
 ----------------------------
 Subspace tolerance.....   0.10000       CG tolerance...........  1.00E-02       CG Iterations..........       100
                                                                                 CG preconditioning.....         0

 The SQP Method
 --------------
 Minimize...............                 Cold start.............                 Proximal Point method..         1
 Nonlinear objectiv vars      2712       Major optimality tol...  1.00E-07       Function precision.....  3.00E-13
 Unbounded step size....  1.00E+20       Superbasics limit......      2712       Difference interval....  5.48E-07
 Unbounded objective....  1.00E+15       Reduced Hessian dim....      2000       Central difference int.  6.70E-05
 Major step limit.......  2.00E+00       Derivative linesearch..                 Derivative level.......         3
 Major iterations limit.   1000000       Linesearch tolerance...   0.90000       Verify level...........         0
 Minor iterations limit.    500000       Penalty parameter......  0.00E+00       Major Print Level......         1

 Hessian Approximation
 ---------------------
 Limited-Memory Hessian.                 Hessian updates........        10       Hessian frequency......  99999999
                                                                                 Hessian flush..........  99999999

 Nonlinear constraints
 ---------------------
 Nonlinear constraints..         3       Major feasibility tol..  1.00E-07       Violation limit........  1.00E+06
 Nonlinear Jacobian vars      2712

 Miscellaneous
 -------------
 LU factor tolerance....      3.99       LU singularity tol.....  3.25E-11       Timing level...........         3
 LU update tolerance....      3.99       LU swap tolerance......  1.22E-04       Debug level............         0
 LU partial  pivoting...                 eps (machine precision)  2.22E-16       System information.....        No
1
 

 

 Matrix statistics
 -----------------
               Total      Normal        Free       Fixed     Bounded
 Rows           9009           3           0           0        9006
 Columns        2712           0        1800           0         912

 No. of matrix elements                42258     Density       0.173
 Biggest                          1.2741E-01  (excluding fixed columns,
 Smallest                         0.0000E+00   free rows, and RHS)

 No. of objective coefficients             0

 Nonlinear constraints       3     Linear constraints    9006
 Nonlinear variables      2712     Linear variables         0
 Jacobian  variables      2712     Objective variables   2712
 Total constraints        9009     Total variables       2712
1
 

 
 The user has defined    2700   out of    2700   constraint gradients.
 The user has defined    2712   out of    2712   objective  gradients.

 Cheap test of user-supplied problem derivatives...

 The constraint gradients seem to be OK.

 -->  The largest discrepancy was    6.56E-07  in constraint  2713
 

 The objective  gradients seem to be OK.

 Gradient projected in one direction  -1.69317276001E-09
 Difference approximation              8.30720499045E-06
1
 
 

   Itns Major Minors    Step   nCon Feasible  Optimal  MeritFunction     L+U BSwap     nS  condHz Penalty
     99     0     99              1 (0.0E+00) 9.0E-05  1.3044001E-02    9009           99 1.0E+00         _  r  T
